<?xml version="1.0" encoding="UTF-8"?>
<!-- Generated by org.testng.reporters.JUnitReportReporter -->
<testsuite skipped="0" hostname="II5WS0914-39" name="testCasePackage.testDeoSearchProperty" tests="1" failures="0" timestamp="29 Nov 2016 06:23:46 GMT" time="1.092" errors="0">
  <testcase name="openUrl" time="1.092" classname="testCasePackage.testDeoSearchProperty"/>
</testsuite> <!-- testCasePackage.testDeoSearchProperty -->
